This file contains any messages produced by compilers while
running configure, to aid debugging if configure makes a mistake.

It was created by configure, which was
generated by GNU Autoconf 2.50.  Invocation command line was

  $ configure --disable-dependency-tracking --bindir=/SDK/Local/C --prefix=/SDK/Local --libdir=/SDK/Local/newlib/lib --includedir=/SDK/Local/common/include

## ---------- ##
## Platform.  ##
## ---------- ##

hostname = localhost
uname -m = ppc
uname -r = 51.4
uname -s = AmigaOS
uname -v = 4.0

/usr/bin/uname -p = unknown
/bin/uname -X     = unknown

/bin/arch              = unknown
/usr/bin/arch -k       = unknown
/usr/convex/getsysinfo = unknown
hostinfo               = unknown
/bin/machine           = unknown
/usr/bin/oslevel       = unknown
/bin/universe          = unknown

PATH = /gcc/bin:/SDK/C:/SDK/Local/C:/SDK/Local/newlib/bin:/SDK/Local/clib2/bin:/C:.

## ------------ ##
## Core tests.  ##
## ------------ ##

configure:837: creating cache /dev/null
configure:895: PATH=".;."; conftest.sh
configure[903]: conftest.sh: not found
configure:898: $? = 127
configure:944: checking for a BSD compatible install
configure:993: result: /SDK/Local/C/ginstall -c
configure:1004: checking whether build environment is sane
configure:1047: result: yes
configure:1068: checking whether /SDK/C/gmake sets ${MAKE}
configure:1088: result: yes
configure:1116: checking for working aclocal
configure:1127: result: missing
configure:1131: checking for working autoconf
configure:1142: result: missing
configure:1146: checking for working automake
configure:1157: result: missing
configure:1161: checking for working autoheader
configure:1172: result: missing
configure:1176: checking for working makeinfo
configure:1183: result: found
configure:1234: checking for gcc
configure:1257: result: gcc
configure:1501: checking for C compiler default output
configure:1504: gcc -mcrt=newlib -DMINIGL -mcrt=newlib conftest.c -lunix >&5
configure:1507: $? = 0
configure:1530: result: a.out
configure:1535: checking whether the C compiler works
configure:1541: ./a.out
configure:1544: $? = 0
configure:1559: result: yes
configure:1566: checking whether we are cross compiling
configure:1568: result: no
configure:1571: checking for executable suffix
configure:1573: gcc -o conftest -mcrt=newlib -DMINIGL -mcrt=newlib conftest.c -lunix >&5
configure:1576: $? = 0
configure:1598: result: 
configure:1604: checking for object suffix
configure:1622: gcc -c -mcrt=newlib -DMINIGL conftest.c >&5
configure:1625: $? = 0
configure:1644: result: o
configure:1648: checking whether we are using the GNU C compiler
configure:1669: gcc -c -mcrt=newlib -DMINIGL conftest.c >&5
configure:1672: $? = 0
configure:1675: test -s conftest.o
configure:1678: $? = 0
configure:1690: result: yes
configure:1696: checking whether gcc accepts -g
configure:1714: gcc -c -g -DMINIGL conftest.c >&5
configure:1717: $? = 0
configure:1720: test -s conftest.o
configure:1723: $? = 0
configure:1733: result: yes
configure:1760: gcc -c -mcrt=newlib -DMINIGL conftest.c >&5
conftest.c:2: error: syntax error before 'me'
configure:1763: $? = 1
configure: failed program was:
#ifndef __cplusplus
  choke me
#endif
configure:1898: checking for sdl-config
configure:1915: found /SDK/Local/newlib/bin/sdl-config
configure:1927: result: /SDK/Local/newlib/bin/sdl-config
configure:1935: checking for SDL - version >= 1.0.1
configure:2021: gcc -o conftest -mcrt=newlib -I/SDK/Local/common/include/SDL -DMINIGL -mcrt=newlib conftest.c -lunix -L/SDK/Local/newlib/lib -lGL -lGLU -lSDL -lauto -lpthread -lm -lm -lstdc++ >&5
configure:2024: $? = 0
configure:2026: ./conftest
configure:2029: $? = 0
configure:2045: result: yes
configure:2236: creating ./config.status

## ----------------------- ##
## Running config.status.  ##
## ----------------------- ##

This file was extended by config.status 2.50, executed with
  > ./config.status 
on localhost

config.status:2659: creating Makefile

## ----------------- ##
## Cache variables.  ##
## ----------------- ##

ac_cv_c_compiler_gnu=yes
ac_cv_env_CC_set=set
ac_cv_env_CC_value=gcc
ac_cv_env_CFLAGS_set=set
ac_cv_env_CFLAGS_value=-mcrt=newlib
ac_cv_env_CPPFLAGS_set=set
ac_cv_env_CPPFLAGS_value=-DMINIGL
ac_cv_env_LDFLAGS_set=set
ac_cv_env_LDFLAGS_value=-mcrt=newlib
ac_cv_env_build_alias_set=
ac_cv_env_build_alias_value=
ac_cv_env_host_alias_set=
ac_cv_env_host_alias_value=
ac_cv_env_target_alias_set=
ac_cv_env_target_alias_value=
ac_cv_objext=o
ac_cv_path_SDL_CONFIG=/SDK/Local/newlib/bin/sdl-config
ac_cv_path_install='/SDK/Local/C/ginstall -c'
ac_cv_prog_ac_ct_CC=gcc
ac_cv_prog_cc_g=yes
ac_cv_prog_make__SDK_C_gmake_set=yes

## ------------ ##
## confdefs.h.  ##
## ------------ ##

#define PACKAGE "screenart"
#define VERSION "1.1"


configure: exit 0
