This file contains any messages produced by compilers while
running configure, to aid debugging if configure makes a mistake.

It was created by configure, which was
generated by GNU Autoconf 2.52.  Invocation command line was

  $ configure 

## ---------- ##
## Platform.  ##
## ---------- ##

hostname = localhost
uname -m = powerpc
uname -r = 1.4
uname -s = MorphOS
uname -v = 50.60

/usr/bin/uname -p = unknown
/bin/uname -X     = unknown

/bin/arch              = unknown
/usr/bin/arch -k       = unknown
/usr/convex/getsysinfo = unknown
hostinfo               = unknown
/bin/machine           = unknown
/usr/bin/oslevel       = unknown
/bin/universe          = unknown

PATH = :/bin:/usr/bin:/usr/local/bin:/mossys/c:/c:.

## ------------ ##
## Core tests.  ##
## ------------ ##

configure:927: PATH=".;."; conftest.sh
configure: configure[935]: conftest.sh: not found
configure:930: $? = 127
configure:976: checking for a BSD compatible install
configure:1025: result: /bin/install -c
configure:1036: checking whether build environment is sane
configure:1079: result: yes
configure:1104: WARNING: `missing' script is too old or missing
configure:1112: checking for mawk
configure:1138: result: no
configure:1112: checking for gawk
configure:1127: found /bin/gawk
configure:1135: result: gawk
configure:1145: checking whether make sets ${MAKE}
configure:1165: result: yes
configure:1297: checking for gcc
configure:1312: found /bin/gcc
configure:1320: result: gcc
configure:1548: checking for C compiler version
configure:1551: gcc --version </dev/null >&5
2.95.3
configure:1554: $? = 0
configure:1556: gcc -v </dev/null >&5
Reading specs from /gg/lib/gcc-lib/ppc-morphos/2.95.3/specs
gcc version 2.95.3 20020615 (experimental/emm)
configure:1559: $? = 0
configure:1561: gcc -V </dev/null >&5
gcc: argument to `-V' is missing
configure:1564: $? = 1
configure:1584: checking for C compiler default output
configure:1587: gcc    conftest.c  >&5
configure:1590: $? = 0
configure:1619: result: a.out
configure:1624: checking whether the C compiler works
configure:1630: ./a.out
configure:1633: $? = 0
configure:1648: result: yes
configure:1655: checking whether we are cross compiling
configure:1657: result: no
configure:1660: checking for executable suffix
configure:1662: gcc -o conftest    conftest.c  >&5
configure:1665: $? = 0
configure:1687: result: 
configure:1693: checking for object suffix
configure:1711: gcc -c   conftest.c >&5
configure:1714: $? = 0
configure:1733: result: o
configure:1737: checking whether we are using the GNU C compiler
configure:1758: gcc -c   conftest.c >&5
configure:1761: $? = 0
configure:1764: test -s conftest.o
configure:1767: $? = 0
configure:1779: result: yes
configure:1785: checking whether gcc accepts -g
configure:1803: gcc -c -g  conftest.c >&5
configure:1806: $? = 0
configure:1809: test -s conftest.o
configure:1812: $? = 0
configure:1822: result: yes
configure:1849: gcc -c -g -O2  conftest.c >&5
conftest.c:2: parse error before `me'
configure:1852: $? = 1
configure: failed program was:
#ifndef __cplusplus
  choke me
#endif
configure:1958: checking for style of include used by make
configure:1985: result: GNU
configure:1991: checking dependency style of gcc
configure:2053: result: gcc
configure:2062: checking how to run the C preprocessor
configure:2088: gcc -E  conftest.c
configure:2094: $? = 0
configure:2121: gcc -E  conftest.c
configure:2118: ac_nonexistent.h: No such file or directory
configure:2127: $? = 1
configure: failed program was:
#line 2117 "configure"
#include "confdefs.h"
#include <ac_nonexistent.h>
configure:2164: result: gcc -E
configure:2179: gcc -E  conftest.c
configure:2185: $? = 0
configure:2212: gcc -E  conftest.c
configure:2209: ac_nonexistent.h: No such file or directory
configure:2218: $? = 1
configure: failed program was:
#line 2208 "configure"
#include "confdefs.h"
#include <ac_nonexistent.h>
configure:2297: checking for sdl-config
configure:2314: found /bin/sdl-config
configure:2326: result: /bin/sdl-config
configure:2334: checking for SDL - version >= 1.2.0
configure:2420: gcc -o conftest -g -O2 -noixemul -I/usr/include/SDL   conftest.c  -L/usr/lib -noixemul -lSDL -lc -lm >&5
configure:2423: $? = 0
configure:2425: ./conftest
configure:2428: $? = 0
configure:2444: result: yes
configure:2638: creating ./config.status

## ----------------------- ##
## Running config.status.  ##
## ----------------------- ##

This file was extended by config.status 2.52, executed with
  CONFIG_FILES    = 
  CONFIG_HEADERS  = 
  CONFIG_LINKS    = 
  CONFIG_COMMANDS = 
  > ./config.status 
on localhost

config.status:3103: creating Makefile

## ----------------- ##
## Cache variables.  ##
## ----------------- ##

ac_cv_c_compiler_gnu=yes
ac_cv_env_CC_set=
ac_cv_env_CC_value=
ac_cv_env_CFLAGS_set=
ac_cv_env_CFLAGS_value=
ac_cv_env_CPPFLAGS_set=
ac_cv_env_CPPFLAGS_value=
ac_cv_env_CPP_set=
ac_cv_env_CPP_value=
ac_cv_env_LDFLAGS_set=
ac_cv_env_LDFLAGS_value=
ac_cv_env_build_alias_set=
ac_cv_env_build_alias_value=
ac_cv_env_host_alias_set=
ac_cv_env_host_alias_value=
ac_cv_env_target_alias_set=
ac_cv_env_target_alias_value=
ac_cv_objext=o
ac_cv_path_SDL_CONFIG=/bin/sdl-config
ac_cv_path_install='/bin/install -c'
ac_cv_prog_AWK=gawk
ac_cv_prog_CPP='gcc -E'
ac_cv_prog_ac_ct_CC=gcc
ac_cv_prog_cc_g=yes
ac_cv_prog_make_make_set=yes
am_cv_CC_dependencies_compiler_type=gcc

## ------------ ##
## confdefs.h.  ##
## ------------ ##

#define PACKAGE "parallax-4"
#define VERSION "1.0.0"


configure: exit 0
