This file contains any messages produced by compilers while
running configure, to aid debugging if configure makes a mistake.

It was created by configure, which was
generated by GNU Autoconf 2.50.  Invocation command line was

  $ configure 

## ---------- ##
## Platform.  ##
## ---------- ##

hostname = localhost
uname -m = powerpc
uname -r = 1.4
uname -s = MorphOS
uname -v = 50.60

/usr/bin/uname -p = unknown
/bin/uname -X     = unknown

/bin/arch              = unknown
/usr/bin/arch -k       = unknown
/usr/convex/getsysinfo = unknown
hostinfo               = unknown
/bin/machine           = unknown
/usr/bin/oslevel       = unknown
/bin/universe          = unknown

PATH = :/bin:/usr/bin:/usr/local/bin:/mossys/c:/c:.

## ------------ ##
## Core tests.  ##
## ------------ ##

configure:895: PATH=".;."; conftest.sh
configure: configure[903]: conftest.sh: not found
configure:898: $? = 127
configure:944: checking for a BSD compatible install
configure:993: result: /bin/install -c
configure:1004: checking whether build environment is sane
configure:1047: result: yes
configure:1068: checking whether make sets ${MAKE}
configure:1088: result: yes
configure:1116: checking for working aclocal
configure:1127: result: missing
configure:1131: checking for working autoconf
configure:1138: result: found
configure:1146: checking for working automake
configure:1157: result: missing
configure:1161: checking for working autoheader
configure:1168: result: found
configure:1176: checking for working makeinfo
configure:1183: result: found
configure:1234: checking for gcc
configure:1249: found /bin/gcc
configure:1257: result: gcc
configure:1501: checking for C compiler default output
configure:1504: gcc    conftest.c  >&5
configure:1507: $? = 0
configure:1530: result: a.out
configure:1535: checking whether the C compiler works
configure:1541: ./a.out
configure:1544: $? = 0
configure:1559: result: yes
configure:1566: checking whether we are cross compiling
configure:1568: result: no
configure:1571: checking for executable suffix
configure:1573: gcc -o conftest    conftest.c  >&5
configure:1576: $? = 0
configure:1598: result: 
configure:1604: checking for object suffix
configure:1622: gcc -c   conftest.c >&5
configure:1625: $? = 0
configure:1644: result: o
configure:1648: checking whether we are using the GNU C compiler
configure:1669: gcc -c   conftest.c >&5
configure:1672: $? = 0
configure:1675: test -s conftest.o
configure:1678: $? = 0
configure:1690: result: yes
configure:1696: checking whether gcc accepts -g
configure:1714: gcc -c -g  conftest.c >&5
configure:1717: $? = 0
configure:1720: test -s conftest.o
configure:1723: $? = 0
configure:1733: result: yes
configure:1760: gcc -c -g -O2  conftest.c >&5
conftest.c:2: parse error before `me'
configure:1763: $? = 1
configure: failed program was:
#ifndef __cplusplus
  choke me
#endif
configure:1898: checking for sdl-config
configure:1915: found /bin/sdl-config
configure:1927: result: /bin/sdl-config
configure:1935: checking for SDL - version >= 1.0.1
configure:2021: gcc -o conftest -g -O2 -noixemul -I/usr/include/SDL   conftest.c  -L/usr/lib -noixemul -lSDL -lc -lm >&5
configure:2024: $? = 0
configure:2026: ./conftest
configure:2029: $? = 0
configure:2045: result: yes
configure:2236: creating ./config.status

## ----------------------- ##
## Running config.status.  ##
## ----------------------- ##

This file was extended by config.status 2.50, executed with
  > ./config.status 
on localhost

config.status:2659: creating Makefile

## ----------------- ##
## Cache variables.  ##
## ----------------- ##

ac_cv_c_compiler_gnu=yes
ac_cv_env_CC_set=
ac_cv_env_CC_value=
ac_cv_env_CFLAGS_set=
ac_cv_env_CFLAGS_value=
ac_cv_env_CPPFLAGS_set=
ac_cv_env_CPPFLAGS_value=
ac_cv_env_LDFLAGS_set=
ac_cv_env_LDFLAGS_value=
ac_cv_env_build_alias_set=
ac_cv_env_build_alias_value=
ac_cv_env_host_alias_set=
ac_cv_env_host_alias_value=
ac_cv_env_target_alias_set=
ac_cv_env_target_alias_value=
ac_cv_objext=o
ac_cv_path_SDL_CONFIG=/bin/sdl-config
ac_cv_path_install='/bin/install -c'
ac_cv_prog_ac_ct_CC=gcc
ac_cv_prog_cc_g=yes
ac_cv_prog_make_make_set=yes

## ------------ ##
## confdefs.h.  ##
## ------------ ##

#define PACKAGE "screenart"
#define VERSION "1.1"


configure: exit 0
