This file contains any messages produced by compilers while
running configure, to aid debugging if configure makes a mistake.

configure:563: checking for a BSD compatible install
configure:616: checking whether build environment is sane
configure:673: checking whether /SDK/C/gmake sets ${MAKE}
configure:719: checking for working aclocal
configure:732: checking for working autoconf
configure:745: checking for working automake
configure:758: checking for working autoheader
configure:771: checking for working makeinfo
configure:792: checking host system type
configure:813: checking target system type
configure:835: checking for gcc
configure:948: checking whether the C compiler (gcc -mcrt=newlib -mcrt=newlib) works
configure:964: gcc -o conftest -mcrt=newlib  -mcrt=newlib conftest.c -lunix 1>&5
configure:990: checking whether the C compiler (gcc -mcrt=newlib -mcrt=newlib) is a cross-compiler
configure:995: checking whether we are using GNU C
configure:1004: gcc -E conftest.c
configure:1023: checking whether gcc accepts -g
configure:1059: checking for c++
configure:1091: checking whether the C++ compiler (c++ -mcrt=newlib -mcrt=newlib) works
configure:1107: c++ -o conftest -mcrt=newlib  -mcrt=newlib conftest.C -lunix 1>&5
configure:1133: checking whether the C++ compiler (c++ -mcrt=newlib -mcrt=newlib) is a cross-compiler
configure:1138: checking whether we are using GNU C++
configure:1147: c++ -E conftest.C
configure:1166: checking whether c++ accepts -g
configure:1200: checking for working const
configure:1254: gcc -c -mcrt=newlib  conftest.c 1>&5
configure:1337: checking for sdl-config
configure:1372: checking for SDL - version >= 1.1.0
configure:1457: gcc -o conftest -mcrt=newlib -I/SDK/Local/common/include/SDL  -mcrt=newlib conftest.c -lunix -L/SDK/Local/newlib/lib -lGL -lGLU -lSDL -lauto -lpthread -lm -lm -lstdc++ 1>&5
configure:1538: checking for OpenGL support
configure:1551: gcc -c -mcrt=newlib -I/SDK/Local/common/include/SDL  conftest.c 1>&5
