This file contains any messages produced by compilers while
running configure, to aid debugging if configure makes a mistake.

It was created by configure, which was
generated by GNU Autoconf 2.55.  Invocation command line was

  $ configure 

## --------- ##
## Platform. ##
## --------- ##

hostname = localhost
uname -m = powerpc
uname -r = 1.4
uname -s = MorphOS
uname -v = 50.60

/usr/bin/uname -p = unknown
/bin/uname -X     = unknown

/bin/arch              = unknown
/usr/bin/arch -k       = unknown
/usr/convex/getsysinfo = unknown
hostinfo               = unknown
/bin/machine           = unknown
/usr/bin/oslevel       = unknown
/bin/universe          = unknown

PATH: .
PATH: /bin
PATH: /usr/bin
PATH: /usr/local/bin
PATH: /mossys/c
PATH: /c
PATH: .


## ----------- ##
## Core tests. ##
## ----------- ##

configure:1278: checking for a BSD-compatible install
configure:1332: result: /bin/install -c
configure:1343: checking whether build environment is sane
configure:1386: result: yes
configure:1411: WARNING: `missing' script is too old or missing
configure:1419: checking for gawk
configure:1435: found /bin/gawk
configure:1445: result: gawk
configure:1455: checking whether make sets $(MAKE)
configure:1475: result: yes
configure:1628: checking build system type
configure:1646: result: powerpc-unknown-morphos
configure:1654: checking host system type
configure:1668: result: powerpc-unknown-morphos
configure:1676: checking target system type
configure:1690: result: powerpc-unknown-morphos
configure:1751: checking for gcc
configure:1767: found /bin/gcc
configure:1777: result: gcc
configure:2021: checking for C compiler version
configure:2024: gcc --version </dev/null >&5
2.95.3
configure:2027: $? = 0
configure:2029: gcc -v </dev/null >&5
Reading specs from /gg/lib/gcc-lib/ppc-morphos/2.95.3/specs
gcc version 2.95.3 20020615 (experimental/emm)
configure:2032: $? = 0
configure:2034: gcc -V </dev/null >&5
gcc: argument to `-V' is missing
configure:2037: $? = 1
configure:2061: checking for C compiler default output
configure:2064: gcc    conftest.c  >&5
configure:2067: $? = 0
configure:2113: result: a.out
configure:2118: checking whether the C compiler works
configure:2124: ./a.out
configure:2127: $? = 0
configure:2144: result: yes
configure:2151: checking whether we are cross compiling
configure:2153: result: no
configure:2156: checking for suffix of executables
configure:2158: gcc -o conftest    conftest.c  >&5
configure:2161: $? = 0
configure:2186: result: 
configure:2192: checking for suffix of object files
configure:2214: gcc -c   conftest.c >&5
configure:2217: $? = 0
configure:2239: result: o
configure:2243: checking whether we are using the GNU C compiler
configure:2268: gcc -c   conftest.c >&5
configure:2271: $? = 0
configure:2274: test -s conftest.o
configure:2277: $? = 0
configure:2290: result: yes
configure:2296: checking whether gcc accepts -g
configure:2318: gcc -c -g  conftest.c >&5
configure:2321: $? = 0
configure:2324: test -s conftest.o
configure:2327: $? = 0
configure:2338: result: yes
configure:2355: checking for gcc option to accept ANSI C
configure:2416: gcc  -c -g -O2  conftest.c >&5
configure:2419: $? = 0
configure:2422: test -s conftest.o
configure:2425: $? = 0
configure:2443: result: none needed
configure:2461: gcc -c -g -O2  conftest.c >&5
conftest.c:2: parse error before `me'
configure:2464: $? = 1
configure: failed program was:
| #ifndef __cplusplus
|   choke me
| #endif
configure:2592: checking for style of include used by make
configure:2620: result: GNU
configure:2648: checking dependency style of gcc
configure:2710: result: gcc
configure:2732: checking how to run the C preprocessor
configure:2762: gcc -E  conftest.c
configure:2768: $? = 0
configure:2800: gcc -E  conftest.c
configure:2800: ac_nonexistent.h: No such file or directory
configure:2806: $? = 1
configure: failed program was:
| #line 2792 "configure"
| /* confdefs.h.  */
| 
| #define PACKAGE_NAME ""
| #define PACKAGE_TARNAME ""
| #define PACKAGE_VERSION ""
| #define PACKAGE_STRING ""
| #define PACKAGE_BUGREPORT ""
| /* end confdefs.h.  */
| #include <ac_nonexistent.h>
configure:2844: result: gcc -E
configure:2863: gcc -E  conftest.c
configure:2869: $? = 0
configure:2901: gcc -E  conftest.c
configure:2901: ac_nonexistent.h: No such file or directory
configure:2907: $? = 1
configure: failed program was:
| #line 2893 "configure"
| /* confdefs.h.  */
| 
| #define PACKAGE_NAME ""
| #define PACKAGE_TARNAME ""
| #define PACKAGE_VERSION ""
| #define PACKAGE_STRING ""
| #define PACKAGE_BUGREPORT ""
| /* end confdefs.h.  */
| #include <ac_nonexistent.h>
configure:2993: checking for sdl-config
configure:3011: found /bin/sdl-config
configure:3024: result: /bin/sdl-config
configure:3032: checking for SDL - version >= 1.2.0
configure:3123: gcc -o conftest -g -O2 -noixemul -I/usr/include/SDL   conftest.c  -L/usr/lib -noixemul -lSDL -lc -lm >&5
configure:3126: $? = 0
configure:3128: ./conftest
configure:3131: $? = 0
configure:3149: result: yes
configure:3238: checking for IMG_Load in -lSDL_image
configure:3270: gcc -o conftest -g -O2   conftest.c -lSDL_image -lSDL
  >&5
configure:3273: $? = 0
configure:3276: test -s conftest
configure:3279: $? = 0
configure:3291: result: yes
configure:3454: creating ./config.status

## ---------------------- ##
## Running config.status. ##
## ---------------------- ##

This file was extended by config.status, which was
generated by GNU Autoconf 2.55.  Invocation command line was

  CONFIG_FILES    = 
  CONFIG_HEADERS  = 
  CONFIG_LINKS    = 
  CONFIG_COMMANDS = 
  $ ./config.status 

on localhost

config.status:4160: creating Makefile
config.status:4284: executing depfiles commands

## ---------------- ##
## Cache variables. ##
## ---------------- ##

ac_cv_build=powerpc-unknown-morphos
ac_cv_build_alias=powerpc-unknown-morphos
ac_cv_c_compiler_gnu=yes
ac_cv_env_CC_set=
ac_cv_env_CC_value=
ac_cv_env_CFLAGS_set=
ac_cv_env_CFLAGS_value=
ac_cv_env_CPPFLAGS_set=
ac_cv_env_CPPFLAGS_value=
ac_cv_env_CPP_set=
ac_cv_env_CPP_value=
ac_cv_env_LDFLAGS_set=
ac_cv_env_LDFLAGS_value=
ac_cv_env_build_alias_set=
ac_cv_env_build_alias_value=
ac_cv_env_host_alias_set=
ac_cv_env_host_alias_value=
ac_cv_env_target_alias_set=
ac_cv_env_target_alias_value=
ac_cv_exeext=
ac_cv_host=powerpc-unknown-morphos
ac_cv_host_alias=powerpc-unknown-morphos
ac_cv_lib_SDL_image_IMG_Load=yes
ac_cv_objext=o
ac_cv_path_SDL_CONFIG=/bin/sdl-config
ac_cv_path_install='/bin/install -c'
ac_cv_prog_AWK=gawk
ac_cv_prog_CPP='gcc -E'
ac_cv_prog_ac_ct_CC=gcc
ac_cv_prog_cc_g=yes
ac_cv_prog_cc_stdc=
ac_cv_prog_make_make_set=yes
ac_cv_target=powerpc-unknown-morphos
ac_cv_target_alias=powerpc-unknown-morphos
am_cv_CC_dependencies_compiler_type=gcc

## ----------------- ##
## Output variables. ##
## ----------------- ##

ACLOCAL='aclocal-1.7'
AMDEPBACKSLASH='\'
AMDEP_FALSE='#'
AMDEP_TRUE=''
AMTAR='tar'
AUTOCONF='autoconf'
AUTOHEADER='autoheader'
AUTOMAKE='automake-1.7'
AWK='gawk'
CC='gcc'
CCDEPMODE='depmode=gcc'
CFLAGS='-g -O2 -noixemul -I/usr/include/SDL'
CPP='gcc -E'
CPPFLAGS=''
CYGPATH_W='echo'
DEFS='-DPACKAGE_NAME=\"\" -DPACKAGE_TARNAME=\"\" -DPACKAGE_VERSION=\"\" -DPACKAGE_STRING=\"\" -DPACKAGE_BUGREPORT=\"\" -DHAVE_LIBSDL_IMAGE=1 '
DEPDIR='.deps'
ECHO_C=''ECHO_N=''
ECHO_T=''
EXEEXT=''
INSTALL_DATA='${INSTALL} -m 644'
INSTALL_PROGRAM='${INSTALL}'
INSTALL_SCRIPT='${INSTALL}'
INSTALL_STRIP_PROGRAM='${SHELL} $(install_sh) -c -s'
LDFLAGS=''
LIBOBJS=''
LIBS='-lSDL_image  -lSDL_image -L/usr/lib -noixemul -lSDL -lc -lm'
LTLIBOBJS=''
MAKEINFO='makeinfo'
OBJEXT='o'
PACKAGE='ballfield'
PACKAGE_BUGREPORT=''
PACKAGE_NAME=''
PACKAGE_STRING=''
PACKAGE_TARNAME=''
PACKAGE_VERSION=''
PATH_SEPARATOR=':'
SDL_CFLAGS='-noixemul -I/usr/include/SDL'
SDL_CONFIG='/bin/sdl-config'
SDL_LIBS='-L/usr/lib -noixemul -lSDL -lc -lm'
SET_MAKE=''
SHELL='/bin/sh'
STRIP=''
VERSION='1.0'
ac_ct_CC='gcc'
ac_ct_STRIP=''
am__fastdepCC_FALSE=''
am__fastdepCC_TRUE='#'
am__include='include'
am__quote=''
bindir='${exec_prefix}/bin'
build='powerpc-unknown-morphos'
build_alias=''
build_cpu='powerpc'
build_os='morphos'
build_vendor='unknown'
datadir='${prefix}/share'
exec_prefix='${prefix}'
host='powerpc-unknown-morphos'
host_alias=''
host_cpu='powerpc'
host_os='morphos'
host_vendor='unknown'
includedir='${prefix}/include'
infodir='${prefix}/info'
install_sh='/Ram Disk/ballfield-1.0/install-sh'
libdir='${exec_prefix}/lib'
libexecdir='${exec_prefix}/libexec'
localstatedir='${prefix}/var'
mandir='${prefix}/man'
oldincludedir='/usr/include'
prefix='/usr/local'
program_transform_name='s,x,x,'
sbindir='${exec_prefix}/sbin'
sharedstatedir='${prefix}/com'
sysconfdir='${prefix}/etc'
target='powerpc-unknown-morphos'
target_alias=''
target_cpu='powerpc'
target_os='morphos'
target_vendor='unknown'

## ----------- ##
## confdefs.h. ##
## ----------- ##

#define HAVE_LIBSDL_IMAGE 1
#define PACKAGE_BUGREPORT ""
#define PACKAGE_NAME ""
#define PACKAGE_STRING ""
#define PACKAGE_TARNAME ""
#define PACKAGE_VERSION ""

configure: exit 0
